[2025-06-29 09:15:04] === WEBHOOK INICIADO ===
[2025-06-29 09:15:04] Autoloader cargado correctamente
[2025-06-29 09:15:04] Mensaje de Stream Digi (723745098): /start
[2025-06-29 09:16:57] === WEBHOOK INICIADO ===
[2025-06-29 09:16:57] Autoloader cargado correctamente
[2025-06-29 09:16:57] Mensaje de Stream Digi (723745098): /ayuda
[2025-06-29 09:16:58] === WEBHOOK INICIADO ===
[2025-06-29 09:16:58] Autoloader cargado correctamente
[2025-06-29 09:16:58] Mensaje de Stream Digi (723745098): /start
[2025-06-29 09:17:03] === WEBHOOK INICIADO ===
[2025-06-29 09:17:03] Autoloader cargado correctamente
[2025-06-29 09:17:03] Mensaje de Stream Digi (723745098): /ayuda
[2025-06-29 09:17:05] === WEBHOOK INICIADO ===
[2025-06-29 09:17:05] Autoloader cargado correctamente
[2025-06-29 09:17:05] Mensaje de Stream Digi (723745098): /config
[2025-06-29 09:17:08] === WEBHOOK INICIADO ===
[2025-06-29 09:17:08] Autoloader cargado correctamente
[2025-06-29 09:17:08] Mensaje de Stream Digi (723745098): /ayuda
[2025-06-29 09:46:45] === WEBHOOK INICIADO ===
[2025-06-29 09:46:45] Autoloader cargado correctamente
[2025-06-29 09:46:45] Mensaje de Stream Digi (723745098): /ayuda
[2025-06-29 09:46:47] === WEBHOOK INICIADO ===
[2025-06-29 09:46:47] Autoloader cargado correctamente
[2025-06-29 09:46:47] Mensaje de Stream Digi (723745098): /start
[2025-06-29 09:46:51] === WEBHOOK INICIADO ===
[2025-06-29 09:46:51] Autoloader cargado correctamente
[2025-06-29 09:46:51] Mensaje de Stream Digi (723745098): /ayuda
[2025-06-29 09:46:53] === WEBHOOK INICIADO ===
[2025-06-29 09:46:53] Autoloader cargado correctamente
[2025-06-29 09:46:53] Mensaje de Stream Digi (723745098): /start
[2025-06-29 09:57:13] === WEBHOOK INICIADO ===
[2025-06-29 09:57:13] Autoloader cargado correctamente
[2025-06-29 09:57:13] Mensaje de Stream Digi (723745098): /start
[2025-06-29 09:57:16] === WEBHOOK INICIADO ===
[2025-06-29 09:57:16] Autoloader cargado correctamente
[2025-06-29 09:57:16] Mensaje de Stream Digi (723745098): /ayuda
[2025-06-29 09:57:17] === WEBHOOK INICIADO ===
[2025-06-29 09:57:17] Autoloader cargado correctamente
[2025-06-29 09:57:17] Mensaje de Stream Digi (723745098): /start
[2025-06-29 09:57:19] === WEBHOOK INICIADO ===
[2025-06-29 09:57:19] Autoloader cargado correctamente
[2025-06-29 09:57:19] Mensaje de Stream Digi (723745098): /config
[2025-06-29 09:57:27] === WEBHOOK INICIADO ===
[2025-06-29 09:57:27] Autoloader cargado correctamente
[2025-06-29 09:57:27] Mensaje de Stream Digi (723745098): /ayuda
[2025-06-29 09:57:29] === WEBHOOK INICIADO ===
[2025-06-29 09:57:29] Autoloader cargado correctamente
[2025-06-29 09:57:29] Mensaje de Stream Digi (723745098): /config
[2025-06-29 09:57:31] === WEBHOOK INICIADO ===
[2025-06-29 09:57:31] Autoloader cargado correctamente
[2025-06-29 09:57:31] Mensaje de Stream Digi (723745098): /config
[2025-06-29 09:57:34] === WEBHOOK INICIADO ===
[2025-06-29 09:57:34] Autoloader cargado correctamente
[2025-06-29 09:57:34] Mensaje de Stream Digi (723745098): /config
[2025-06-29 10:08:24] === WEBHOOK INICIADO ===
[2025-06-29 10:08:24] Autoloader cargado correctamente
[2025-06-29 10:08:24] Mensaje de Stream Digi (723745098): /config
[2025-06-29 10:08:30] === WEBHOOK INICIADO ===
[2025-06-29 10:08:30] Autoloader cargado correctamente
[2025-06-29 10:08:30] Mensaje de Stream Digi (723745098): /start
