--- NUEVA EJECUCIÓN: 2025-06-29 05:54:43 ---
1. Script iniciado. Leyendo datos de entrada.
ERROR: No se recibieron datos de entrada o no es un JSON válido.
--- NUEVA EJECUCIÓN: 2025-06-29 06:08:00 ---
1. Script iniciado. Leyendo datos de entrada.
ERROR: No se recibieron datos de entrada o no es un JSON válido.
--- NUEVA EJECUCIÓN: 2025-06-29 06:28:16 ---
1. Script iniciado. Leyendo datos de entrada.
2. Datos recibidos: {"update_id":891476501,"message":{"message_id":148,"from":{"id":723745098,"is_bot":false,"first_name":"Stream Digi","last_name":"\ud83d\ude0e","username":"StreamDigi","language_code":"es","is_premium":true},"chat":{"id":723745098,"first_name":"Stream Digi","last_name":"\ud83d\ude0e","username":"StreamDigi","type":"private"},"date":1751178496,"text":"\/start","entities":[{"offset":0,"length":6,"type":"bot_command"}]}}
3. Intentando cargar la configuración del Bot.
--- NUEVA EJECUCIÓN: 2025-06-29 06:45:23 ---
1. Script iniciado. Leyendo datos de entrada.
ERROR: No se recibieron datos de entrada o no es un JSON válido.
--- NUEVA EJECUCIÓN: 2025-06-29 06:45:59 ---
1. Script iniciado. Leyendo datos de entrada.
ERROR: No se recibieron datos de entrada o no es un JSON válido.
--- NUEVA EJECUCIÓN: 2025-06-29 06:57:29 ---
1. Script iniciado. Leyendo datos de entrada.
2. Datos recibidos: {"update_id":891476502,"message":{"message_id":149,"from":{"id":723745098,"is_bot":false,"first_name":"Stream Digi","last_name":"\ud83d\ude0e","username":"StreamDigi","language_code":"es","is_premium":true},"chat":{"id":723745098,"first_name":"Stream Digi","last_name":"\ud83d\ude0e","username":"StreamDigi","type":"private"},"date":1751180249,"text":"\/start","entities":[{"offset":0,"length":6,"type":"bot_command"}]}}
3. Intentando cargar la configuración del Bot.
--- NUEVA EJECUCIÓN: 2025-06-29 06:57:30 ---
1. Script iniciado. Leyendo datos de entrada.
2. Datos recibidos: {"update_id":891476503,"message":{"message_id":150,"from":{"id":723745098,"is_bot":false,"first_name":"Stream Digi","last_name":"\ud83d\ude0e","username":"StreamDigi","language_code":"es","is_premium":true},"chat":{"id":723745098,"first_name":"Stream Digi","last_name":"\ud83d\ude0e","username":"StreamDigi","type":"private"},"date":1751180250,"text":"\/start","entities":[{"offset":0,"length":6,"type":"bot_command"}]}}
3. Intentando cargar la configuración del Bot.
--- NUEVA EJECUCIÓN: 2025-06-29 06:57:32 ---
1. Script iniciado. Leyendo datos de entrada.
2. Datos recibidos: {"update_id":891476504,"message":{"message_id":151,"from":{"id":723745098,"is_bot":false,"first_name":"Stream Digi","last_name":"\ud83d\ude0e","username":"StreamDigi","language_code":"es","is_premium":true},"chat":{"id":723745098,"first_name":"Stream Digi","last_name":"\ud83d\ude0e","username":"StreamDigi","type":"private"},"date":1751180252,"text":"\/start","entities":[{"offset":0,"length":6,"type":"bot_command"}]}}
3. Intentando cargar la configuración del Bot.
--- NUEVA EJECUCIÓN: 2025-06-29 08:35:21 ---
1. Script iniciado. Leyendo datos de entrada.
ERROR: No se recibieron datos de entrada o no es un JSON válido.
--- NUEVA EJECUCIÓN: 2025-06-29 08:35:22 ---
1. Script iniciado. Leyendo datos de entrada.
ERROR: No se recibieron datos de entrada o no es un JSON válido.
--- NUEVA EJECUCIÓN: 2025-06-29 08:39:07 ---
1. Script iniciado. Leyendo datos de entrada.
2. Datos recibidos: {"update_id":891476505,"message":{"message_id":153,"from":{"id":723745098,"is_bot":false,"first_name":"Stream Digi","last_name":"\ud83d\ude0e","username":"StreamDigi","language_code":"es","is_premium":true},"chat":{"id":723745098,"first_name":"Stream Digi","last_name":"\ud83d\ude0e","username":"StreamDigi","type":"private"},"date":1751186347,"text":"\/start","entities":[{"offset":0,"length":6,"type":"bot_command"}]}}
3. Intentando cargar la configuración del Bot.
--- NUEVA EJECUCIÓN: 2025-06-29 08:39:09 ---
1. Script iniciado. Leyendo datos de entrada.
2. Datos recibidos: {"update_id":891476506,"message":{"message_id":154,"from":{"id":723745098,"is_bot":false,"first_name":"Stream Digi","last_name":"\ud83d\ude0e","username":"StreamDigi","language_code":"es","is_premium":true},"chat":{"id":723745098,"first_name":"Stream Digi","last_name":"\ud83d\ude0e","username":"StreamDigi","type":"private"},"date":1751186349,"text":"\/start","entities":[{"offset":0,"length":6,"type":"bot_command"}]}}
3. Intentando cargar la configuración del Bot.
--- NUEVA EJECUCIÓN: 2025-06-29 08:56:04 ---
1. Script iniciado. Leyendo datos de entrada.
2. Datos recibidos: {"update_id":891476507,"message":{"message_id":155,"from":{"id":723745098,"is_bot":false,"first_name":"Stream Digi","last_name":"\ud83d\ude0e","username":"StreamDigi","language_code":"es","is_premium":true},"chat":{"id":723745098,"first_name":"Stream Digi","last_name":"\ud83d\ude0e","username":"StreamDigi","type":"private"},"date":1751187364,"text":"\/start","entities":[{"offset":0,"length":6,"type":"bot_command"}]}}
3. Intentando cargar la configuración del Bot.
--- NUEVA EJECUCIÓN: 2025-06-29 08:56:06 ---
1. Script iniciado. Leyendo datos de entrada.
2. Datos recibidos: {"update_id":891476508,"message":{"message_id":156,"from":{"id":723745098,"is_bot":false,"first_name":"Stream Digi","last_name":"\ud83d\ude0e","username":"StreamDigi","language_code":"es","is_premium":true},"chat":{"id":723745098,"first_name":"Stream Digi","last_name":"\ud83d\ude0e","username":"StreamDigi","type":"private"},"date":1751187366,"text":"\/start","entities":[{"offset":0,"length":6,"type":"bot_command"}]}}
3. Intentando cargar la configuración del Bot.
--- NUEVA EJECUCIÓN: 2025-06-29 08:56:07 ---
1. Script iniciado. Leyendo datos de entrada.
2. Datos recibidos: {"update_id":891476509,"message":{"message_id":157,"from":{"id":723745098,"is_bot":false,"first_name":"Stream Digi","last_name":"\ud83d\ude0e","username":"StreamDigi","language_code":"es","is_premium":true},"chat":{"id":723745098,"first_name":"Stream Digi","last_name":"\ud83d\ude0e","username":"StreamDigi","type":"private"},"date":1751187367,"text":"\/start","entities":[{"offset":0,"length":6,"type":"bot_command"}]}}
3. Intentando cargar la configuración del Bot.
--- NUEVA EJECUCIÓN: 2025-06-29 08:56:08 ---
1. Script iniciado. Leyendo datos de entrada.
2. Datos recibidos: {"update_id":891476510,"message":{"message_id":158,"from":{"id":723745098,"is_bot":false,"first_name":"Stream Digi","last_name":"\ud83d\ude0e","username":"StreamDigi","language_code":"es","is_premium":true},"chat":{"id":723745098,"first_name":"Stream Digi","last_name":"\ud83d\ude0e","username":"StreamDigi","type":"private"},"date":1751187368,"text":"\/start","entities":[{"offset":0,"length":6,"type":"bot_command"}]}}
3. Intentando cargar la configuración del Bot.
--- NUEVA EJECUCIÓN: 2025-06-29 08:56:08 ---
1. Script iniciado. Leyendo datos de entrada.
2. Datos recibidos: {"update_id":891476511,"message":{"message_id":159,"from":{"id":723745098,"is_bot":false,"first_name":"Stream Digi","last_name":"\ud83d\ude0e","username":"StreamDigi","language_code":"es","is_premium":true},"chat":{"id":723745098,"first_name":"Stream Digi","last_name":"\ud83d\ude0e","username":"StreamDigi","type":"private"},"date":1751187368,"text":"\/start","entities":[{"offset":0,"length":6,"type":"bot_command"}]}}
3. Intentando cargar la configuración del Bot.
--- NUEVA EJECUCIÓN: 2025-06-29 08:56:13 ---
1. Script iniciado. Leyendo datos de entrada.
2. Datos recibidos: {"update_id":891476512,"message":{"message_id":160,"from":{"id":723745098,"is_bot":false,"first_name":"Stream Digi","last_name":"\ud83d\ude0e","username":"StreamDigi","language_code":"es","is_premium":true},"chat":{"id":723745098,"first_name":"Stream Digi","last_name":"\ud83d\ude0e","username":"StreamDigi","type":"private"},"date":1751187372,"text":"\/start","entities":[{"offset":0,"length":6,"type":"bot_command"}]}}
3. Intentando cargar la configuración del Bot.
--- NUEVA EJECUCIÓN: 2025-06-29 08:56:13 ---
1. Script iniciado. Leyendo datos de entrada.
2. Datos recibidos: {"update_id":891476513,"message":{"message_id":161,"from":{"id":723745098,"is_bot":false,"first_name":"Stream Digi","last_name":"\ud83d\ude0e","username":"StreamDigi","language_code":"es","is_premium":true},"chat":{"id":723745098,"first_name":"Stream Digi","last_name":"\ud83d\ude0e","username":"StreamDigi","type":"private"},"date":1751187373,"text":"\/start","entities":[{"offset":0,"length":6,"type":"bot_command"}]}}
3. Intentando cargar la configuración del Bot.
--- NUEVA EJECUCIÓN: 2025-06-29 08:56:14 ---
1. Script iniciado. Leyendo datos de entrada.
2. Datos recibidos: {"update_id":891476514,"message":{"message_id":162,"from":{"id":723745098,"is_bot":false,"first_name":"Stream Digi","last_name":"\ud83d\ude0e","username":"StreamDigi","language_code":"es","is_premium":true},"chat":{"id":723745098,"first_name":"Stream Digi","last_name":"\ud83d\ude0e","username":"StreamDigi","type":"private"},"date":1751187374,"text":"\/start","entities":[{"offset":0,"length":6,"type":"bot_command"}]}}
3. Intentando cargar la configuración del Bot.
--- NUEVA EJECUCIÓN: 2025-06-29 08:56:15 ---
1. Script iniciado. Leyendo datos de entrada.
2. Datos recibidos: {"update_id":891476515,"message":{"message_id":163,"from":{"id":723745098,"is_bot":false,"first_name":"Stream Digi","last_name":"\ud83d\ude0e","username":"StreamDigi","language_code":"es","is_premium":true},"chat":{"id":723745098,"first_name":"Stream Digi","last_name":"\ud83d\ude0e","username":"StreamDigi","type":"private"},"date":1751187374,"text":"\/start","entities":[{"offset":0,"length":6,"type":"bot_command"}]}}
3. Intentando cargar la configuración del Bot.
--- NUEVA EJECUCIÓN: 2025-06-29 08:56:15 ---
1. Script iniciado. Leyendo datos de entrada.
2. Datos recibidos: {"update_id":891476516,"message":{"message_id":164,"from":{"id":723745098,"is_bot":false,"first_name":"Stream Digi","last_name":"\ud83d\ude0e","username":"StreamDigi","language_code":"es","is_premium":true},"chat":{"id":723745098,"first_name":"Stream Digi","last_name":"\ud83d\ude0e","username":"StreamDigi","type":"private"},"date":1751187375,"text":"\/start","entities":[{"offset":0,"length":6,"type":"bot_command"}]}}
3. Intentando cargar la configuración del Bot.
--- NUEVA EJECUCIÓN: 2025-06-29 09:01:34 ---
1. Script iniciado. Leyendo datos de entrada.
2. Datos recibidos: {"update_id":891476517,"message":{"message_id":166,"from":{"id":723745098,"is_bot":false,"first_name":"Stream Digi","last_name":"\ud83d\ude0e","username":"StreamDigi","language_code":"es","is_premium":true},"chat":{"id":723745098,"first_name":"Stream Digi","last_name":"\ud83d\ude0e","username":"StreamDigi","type":"private"},"date":1751187694,"text":"\/start","entities":[{"offset":0,"length":6,"type":"bot_command"}]}}
3. Intentando cargar la configuración del Bot.
--- NUEVA EJECUCIÓN: 2025-06-29 09:01:35 ---
1. Script iniciado. Leyendo datos de entrada.
2. Datos recibidos: {"update_id":891476518,"message":{"message_id":167,"from":{"id":723745098,"is_bot":false,"first_name":"Stream Digi","last_name":"\ud83d\ude0e","username":"StreamDigi","language_code":"es","is_premium":true},"chat":{"id":723745098,"first_name":"Stream Digi","last_name":"\ud83d\ude0e","username":"StreamDigi","type":"private"},"date":1751187695,"text":"\/start","entities":[{"offset":0,"length":6,"type":"bot_command"}]}}
3. Intentando cargar la configuración del Bot.
--- NUEVA EJECUCIÓN: 2025-06-29 09:01:41 ---
1. Script iniciado. Leyendo datos de entrada.
2. Datos recibidos: {"update_id":891476519,"message":{"message_id":168,"from":{"id":723745098,"is_bot":false,"first_name":"Stream Digi","last_name":"\ud83d\ude0e","username":"StreamDigi","language_code":"es","is_premium":true},"chat":{"id":723745098,"first_name":"Stream Digi","last_name":"\ud83d\ude0e","username":"StreamDigi","type":"private"},"date":1751187701,"text":"\/start","entities":[{"offset":0,"length":6,"type":"bot_command"}]}}
3. Intentando cargar la configuración del Bot.
